<?xml version="1.0" encoding="UTF-8"?>
<testsuite xmlns:xsi="http://www.w3.org/2001/XMLSchema-instance" xsi:noNamespaceSchemaLocation="https://maven.apache.org/surefire/maven-surefire-plugin/xsd/surefire-test-report-3.0.xsd" version="3.0" name="com.ontariotechu.sofe3980U.BinaryTest" time="0.261" tests="20" errors="0" skipped="0" failures="0">
  <properties>
[...]
</properties>
  <testcase name="constructorWithInvalidDigits" classname="com.ontariotechu.sofe3980U.BinaryTest" time="0.013"/>
  <testcase name="or(String, String, String)[1]" classname="com.ontariotechu.sofe3980U.BinaryTest" time="0.052"/>
  <testcase name="or(String, String, String)[2]" classname="com.ontariotechu.sofe3980U.BinaryTest" time="0.002"/>
  <testcase name="or(String, String, String)[3]" classname="com.ontariotechu.sofe3980U.BinaryTest" time="0.001"/>
  <testcase name="add" classname="com.ontariotechu.sofe3980U.BinaryTest" time="0.001"/>
  <testcase name="and(String, String, String)[1]" classname="com.ontariotechu.sofe3980U.BinaryTest" time="0.002"/>
  <testcase name="and(String, String, String)[2]" classname="com.ontariotechu.sofe3980U.BinaryTest" time="0.001"/>
  <testcase name="and(String, String, String)[3]" classname="com.ontariotechu.sofe3980U.BinaryTest" time="0.001"/>
  <testcase name="add2" classname="com.ontariotechu.sofe3980U.BinaryTest" time="0.0"/>
  <testcase name="add3" classname="com.ontariotechu.sofe3980U.BinaryTest" time="0.001"/>
  <testcase name="add4" classname="com.ontariotechu.sofe3980U.BinaryTest" time="0.001"/>
  <testcase name="add5" classname="com.ontariotechu.sofe3980U.BinaryTest" time="0.001"/>
  <testcase name="constructorWithNegativeSign" classname="com.ontariotechu.sofe3980U.BinaryTest" time="0.001"/>
  <testcase name="constructorWithInvalidChars" classname="com.ontariotechu.sofe3980U.BinaryTest" time="0.001"/>
  <testcase name="constructorEmptyString" classname="com.ontariotechu.sofe3980U.BinaryTest" time="0.001"/>
  <testcase name="multiply(String, String, String)[1]" classname="com.ontariotechu.sofe3980U.BinaryTest" time="0.001"/>
  <testcase name="multiply(String, String, String)[2]" classname="com.ontariotechu.sofe3980U.BinaryTest" time="0.001"/>
  <testcase name="multiply(String, String, String)[3]" classname="com.ontariotechu.sofe3980U.BinaryTest" time="0.001"/>
  <testcase name="normalConstructor" classname="com.ontariotechu.sofe3980U.BinaryTest" time="0.0"/>
  <testcase name="constructorWithZeroTailing" classname="com.ontariotechu.sofe3980U.BinaryTest" time="0.001"/>
</testsuite>